[18-Jan-2016 00:21:46 UTC] PHP Fatal error:  Class 'App\Http\Controllers\Team' not found in C:\xampp\htdocs\FIFALAR\app\Http\Controllers\FrontController.php on line 72
[07-Feb-2016 05:44:28 UTC] PHP Parse error:  syntax error, unexpected '=>' (T_DOUBLE_ARROW) in C:\xampp\htdocs\FIFALAR\app\Http\Controllers\FrontController.php on line 63
[07-Feb-2016 05:45:05 UTC] PHP Fatal error:  Class 'App\Http\Controllers\comment' not found in C:\xampp\htdocs\FIFALAR\app\Http\Controllers\FrontController.php on line 63
[07-Feb-2016 21:06:39 UTC] PHP Fatal error:  Class 'Form' not found in C:\xampp\htdocs\FIFALAR\storage\framework\views\f33f56afad867966cff0d6f6728ea73e on line 93
[08-Feb-2016 00:22:01 UTC] PHP Fatal error:  Cannot redeclare App\comment::$fillable in C:\xampp\htdocs\FIFALAR\app\comment.php on line 11
[08-Feb-2016 04:19:24 UTC] PHP Fatal error:  Class 'App\Http\Controllers\Auth' not found in C:\xampp\htdocs\FIFALAR\app\Http\Controllers\User.php on line 102
[08-Feb-2016 04:20:04 UTC] PHP Fatal error:  Class 'App\Http\Controllers\Auth' not found in C:\xampp\htdocs\FIFALAR\app\Http\Controllers\User.php on line 102
[08-Feb-2016 04:22:06 UTC] PHP Fatal error:  Class 'App\Http\Controllers\Auth' not found in C:\xampp\htdocs\FIFALAR\app\Http\Controllers\User.php on line 102
[08-Feb-2016 04:24:07 UTC] PHP Fatal error:  Class 'App\Http\Controllers\Input' not found in C:\xampp\htdocs\FIFALAR\app\Http\Controllers\User.php on line 108
[08-Feb-2016 04:26:09 UTC] PHP Fatal error:  Cannot declare class App\Http\Controllers\User because the name is already in use in C:\xampp\htdocs\FIFALAR\app\Http\Controllers\User.php on line 13
[11-Feb-2016 04:40:08 UTC] PHP Fatal error:  Class 'App\Http\Controllers\IsEqual' not found in C:\xampp\htdocs\FIFALAR\app\Http\Controllers\ClubesProController.php on line 97
[11-Feb-2016 04:40:57 UTC] PHP Fatal error:  Class 'App\Http\Controllers\IsEqual' not found in C:\xampp\htdocs\FIFALAR\app\Http\Controllers\ClubesProController.php on line 97
[11-Feb-2016 04:41:11 UTC] PHP Fatal error:  Class 'App\Http\Controllers\IsEqual' not found in C:\xampp\htdocs\FIFALAR\app\Http\Controllers\ClubesProController.php on line 97
[14-Feb-2016 17:52:58 UTC] PHP Fatal error:  Class 'App\Http\Controllers\Auth' not found in C:\xampp\htdocs\FIFALAR2\app\Http\Controllers\ComentarioController.php on line 80
[14-Feb-2016 17:53:50 UTC] PHP Fatal error:  Undefined class constant 'check' in C:\xampp\htdocs\FIFALAR2\app\Http\Controllers\ComentarioController.php on line 81
[14-Feb-2016 18:40:16 UTC] PHP Parse error:  syntax error, unexpected ')' in C:\xampp\htdocs\FIFALAR2\app\Http\Controllers\FrontController.php on line 167
[14-Feb-2016 19:39:15 UTC] PHP Parse error:  syntax error, unexpected ',' in C:\xampp\htdocs\FIFALAR2\app\Http\Controllers\ClubesProController.php on line 87
[22-Feb-2016 01:18:08 UTC] PHP Fatal error:  Class 'App\Http\Controllers\ProCopa' not found in C:\xampp\htdocs\FIFALAR2\app\Http\Controllers\FrontController.php on line 154
[22-Feb-2016 01:18:35 UTC] PHP Fatal error:  Class 'App\ProCopa' not found in C:\xampp\htdocs\FIFALAR2\app\Http\Controllers\FrontController.php on line 155
[22-Feb-2016 01:18:45 UTC] PHP Fatal error:  Class 'App\Http\Controllers\ProCopa' not found in C:\xampp\htdocs\FIFALAR2\app\Http\Controllers\FrontController.php on line 155
[22-Feb-2016 01:18:52 UTC] PHP Fatal error:  Class 'App\Http\Controllers\ProCopa' not found in C:\xampp\htdocs\FIFALAR2\app\Http\Controllers\FrontController.php on line 155
[27-Feb-2016 05:56:02 UTC] PHP Fatal error:  Class 'App\Http\Controllers\Cup' not found in C:\xampp\htdocs\FIFALAR2\app\Http\Controllers\PlayerController.php on line 118
[27-Feb-2016 06:38:07 UTC] PHP Parse error:  syntax error, unexpected end of file in C:\xampp\htdocs\FIFALAR2\storage\framework\views\c8622d490da2f0e172263b033fc30c42 on line 489
[27-Feb-2016 06:38:57 UTC] PHP Parse error:  syntax error, unexpected end of file in C:\xampp\htdocs\FIFALAR2\storage\framework\views\c8622d490da2f0e172263b033fc30c42 on line 164
[27-Feb-2016 07:05:23 UTC] PHP Fatal error:  Class 'App\Http\Controllers\League' not found in C:\xampp\htdocs\FIFALAR2\app\Http\Controllers\PlayerController.php on line 142
[27-Feb-2016 07:05:56 UTC] PHP Fatal error:  Class 'App\Http\Controllers\League' not found in C:\xampp\htdocs\FIFALAR2\app\Http\Controllers\PlayerController.php on line 142
[06-Mar-2016 04:11:20 UTC] PHP Fatal error:  Call to a member function proTeams() on a non-object in C:\Users\INIFAP\PhpstormProjects\FIFADEFINITIVO\app\Http\Controllers\TorneoController.php on line 148
[06-Mar-2016 04:14:03 UTC] PHP Fatal error:  Call to a member function proTeams() on a non-object in C:\Users\INIFAP\PhpstormProjects\FIFADEFINITIVO\app\Http\Controllers\TorneoController.php on line 148
[06-Mar-2016 04:17:09 UTC] PHP Fatal error:  Call to a member function save() on a non-object in C:\Users\INIFAP\PhpstormProjects\FIFADEFINITIVO\app\Http\Controllers\TorneoController.php on line 171
[06-Mar-2016 04:22:39 UTC] PHP Fatal error:  Call to a member function save() on a non-object in C:\Users\INIFAP\PhpstormProjects\FIFADEFINITIVO\app\Http\Controllers\TorneoController.php on line 171
[07-Mar-2016 01:11:31 UTC] PHP Parse error:  syntax error, unexpected ')' in C:\Users\INIFAP\PhpstormProjects\FIFADEFINITIVO\storage\framework\views\bbb05e28d1f7ccf40ee78ca007caa175 on line 123
[07-Mar-2016 01:19:48 UTC] PHP Parse error:  syntax error, unexpected '::' (T_PAAMAYIM_NEKUDOTAYIM) in C:\Users\INIFAP\PhpstormProjects\FIFADEFINITIVO\app\Http\Controllers\FrontController.php on line 212
[07-Mar-2016 01:20:03 UTC] PHP Parse error:  syntax error, unexpected '::' (T_PAAMAYIM_NEKUDOTAYIM) in C:\Users\INIFAP\PhpstormProjects\FIFADEFINITIVO\app\Http\Controllers\FrontController.php on line 212
[07-Mar-2016 01:20:08 UTC] PHP Parse error:  syntax error, unexpected '::' (T_PAAMAYIM_NEKUDOTAYIM) in C:\Users\INIFAP\PhpstormProjects\FIFADEFINITIVO\app\Http\Controllers\FrontController.php on line 212
[07-Mar-2016 01:23:38 UTC] PHP Parse error:  syntax error, unexpected '::' (T_PAAMAYIM_NEKUDOTAYIM) in C:\Users\INIFAP\PhpstormProjects\FIFADEFINITIVO\app\Http\Controllers\FrontController.php on line 212
[07-Mar-2016 01:30:05 UTC] PHP Parse error:  syntax error, unexpected '{' in C:\Users\INIFAP\PhpstormProjects\FIFADEFINITIVO\storage\framework\views\bbb05e28d1f7ccf40ee78ca007caa175 on line 129
[07-Mar-2016 01:40:25 UTC] PHP Fatal error:  Class 'App\Http\Controllers\get' not found in C:\Users\INIFAP\PhpstormProjects\FIFADEFINITIVO\app\Http\Controllers\ClubesProController.php on line 143
[07-Mar-2016 02:09:28 UTC] PHP Parse error:  syntax error, unexpected 'endforeach' (T_ENDFOREACH) in C:\Users\INIFAP\PhpstormProjects\FIFADEFINITIVO\storage\framework\views\aa6162cef09e24ed4caff2ecf43d9da9 on line 163
[07-Mar-2016 02:09:38 UTC] PHP Parse error:  syntax error, unexpected 'endforeach' (T_ENDFOREACH) in C:\Users\INIFAP\PhpstormProjects\FIFADEFINITIVO\storage\framework\views\aa6162cef09e24ed4caff2ecf43d9da9 on line 163
[07-Mar-2016 02:09:51 UTC] PHP Parse error:  syntax error, unexpected 'endforeach' (T_ENDFOREACH) in C:\Users\INIFAP\PhpstormProjects\FIFADEFINITIVO\storage\framework\views\aa6162cef09e24ed4caff2ecf43d9da9 on line 157
[07-Mar-2016 02:10:01 UTC] PHP Parse error:  syntax error, unexpected 'endforeach' (T_ENDFOREACH) in C:\Users\INIFAP\PhpstormProjects\FIFADEFINITIVO\storage\framework\views\aa6162cef09e24ed4caff2ecf43d9da9 on line 157
[07-Mar-2016 02:10:59 UTC] PHP Parse error:  syntax error, unexpected 'endforeach' (T_ENDFOREACH) in C:\Users\INIFAP\PhpstormProjects\FIFADEFINITIVO\storage\framework\views\aa6162cef09e24ed4caff2ecf43d9da9 on line 165
[13-Mar-2016 04:31:03 UTC] PHP Parse error:  syntax error, unexpected '{', expecting '(' in C:\Users\INIFAP\PhpstormProjects\FIFADEFINITIVO\app\Http\Controllers\ClubesProController.php on line 168
[13-Mar-2016 04:31:07 UTC] PHP Parse error:  syntax error, unexpected '{', expecting '(' in C:\Users\INIFAP\PhpstormProjects\FIFADEFINITIVO\app\Http\Controllers\ClubesProController.php on line 168
[26-Mar-2016 04:38:33 UTC] PHP Parse error:  syntax error, unexpected '(' in C:\Users\INIFAP\PhpstormProjects\FIFADEFINITIVO\app\Http\Controllers\ClubesProController.php on line 212
[26-Mar-2016 05:25:54 UTC] PHP Fatal error:  Call to a member function update() on a non-object in C:\Users\INIFAP\PhpstormProjects\FIFADEFINITIVO\app\Http\Controllers\ClubesProController.php on line 219
[27-Mar-2016 01:15:52 UTC] PHP Parse error:  syntax error, unexpected end of file in C:\Users\INIFAP\PhpstormProjects\FIFADEFINITIVO\storage\framework\views\0746d64f4f8b11afd3a6a0d391bb5e7c9d08b973.php on line 134
